ERROR: Unable to retrieve achievements. 320:'Half-Life 2: Deathmatch' / playtime = 28 m
ERROR: Unable to retrieve achievements. 340:'Half-Life 2: Lost Coast' / playtime = 0 m
ERROR: Unable to retrieve achievements. 280:'Half-Life: Source' / playtime = 776 m
ERROR: Unable to retrieve achievements. 360:'Half-Life Deathmatch: Source' / playtime = 0 m
ERROR: Unable to retrieve achievements. 50:'Half-Life: Opposing Force' / playtime = 41 m
ERROR: Unable to retrieve achievements. 6310:'The Longest Journey' / playtime = 1850 m
ERROR: Unable to retrieve achievements. 12120:'Grand Theft Auto: San Andreas' / playtime = 1090 m
ERROR: Unable to retrieve achievements. 12250:'Grand Theft Auto: San Andreas' / playtime = 0 m
ERROR: Unable to retrieve achievements. 7650:'X-COM: Terror from the Deep' / playtime = 0 m
ERROR: Unable to retrieve achievements. 7660:'X-COM: Apocalypse' / playtime = 0 m
ERROR: Unable to retrieve achievements. 7730:'X-COM: Interceptor' / playtime = 0 m
ERROR: Unable to retrieve achievements. 7760:'X-COM: UFO Defense' / playtime = 166 m
ERROR: Unable to retrieve achievements. 7770:'X-COM: Enforcer' / playtime = 0 m
ERROR: Unable to retrieve achievements. 8880:'Freedom Force' / playtime = 626 m
ERROR: Unable to retrieve achievements. 17450:'Dragon Age: Origins' / playtime = 0 m
ERROR: Unable to retrieve achievements. 24980:'Mass Effect 2' / playtime = 0 m
ERROR: Unable to retrieve achievements. 24780:'SimCity 4 Deluxe' / playtime = 688 m
ERROR: Unable to retrieve achievements. 32360:'The Secret of Monkey Island: Special Edition' / playtime = 148 m
ERROR: Unable to retrieve achievements. 34270:'SEGA Mega Drive & Genesis Classics' / playtime = 10 m
ERROR: Unable to retrieve achievements. 57300:'Amnesia: The Dark Descent' / playtime = 90 m
ERROR: Unable to retrieve achievements. 203810:'Dear Esther' / playtime = 136 m
ERROR: Unable to retrieve achievements. 207570:'English Country Tune' / playtime = 13 m
ERROR: Unable to retrieve achievements. 2200:'Quake III Arena' / playtime = 0 m
ERROR: Unable to retrieve achievements. 2210:'Quake 4' / playtime = 6 m
ERROR: Unable to retrieve achievements. 2270:'Wolfenstein 3D' / playtime = 4 m
ERROR: Unable to retrieve achievements. 2280:'The Ultimate DOOM' / playtime = 0 m
ERROR: Unable to retrieve achievements. 2290:'Final DOOM' / playtime = 0 m
ERROR: Unable to retrieve achievements. 2300:'DOOM II: Hell on Earth' / playtime = 189 m
ERROR: Unable to retrieve achievements. 2310:'Quake' / playtime = 0 m
ERROR: Unable to retrieve achievements. 2320:'Quake II' / playtime = 0 m
ERROR: Unable to retrieve achievements. 2330:'Quake II: The Reckoning' / playtime = 0 m
ERROR: Unable to retrieve achievements. 2340:'Quake II: Ground Zero' / playtime = 0 m
ERROR: Unable to retrieve achievements. 2350:'Quake III: Team Arena' / playtime = 0 m
ERROR: Unable to retrieve achievements. 2360:'HeXen: Beyond Heretic' / playtime = 0 m
ERROR: Unable to retrieve achievements. 2370:'HeXen: Deathkings of the Dark Citadel' / playtime = 0 m
ERROR: Unable to retrieve achievements. 2390:'Heretic: Shadow of the Serpent Riders' / playtime = 0 m
ERROR: Unable to retrieve achievements. 9000:'Wolfenstein 3D: Spear of Destiny' / playtime = 0 m
ERROR: Unable to retrieve achievements. 9010:'Return to Castle Wolfenstein' / playtime = 51 m
ERROR: Unable to retrieve achievements. 9030:'Quake Mission Pack 2: Dissolution of Eternity' / playtime = 0 m
ERROR: Unable to retrieve achievements. 9040:'Quake Mission Pack 1: Scourge of Armagon' / playtime = 0 m
ERROR: Unable to retrieve achievements. 9050:'DOOM 3' / playtime = 1386 m
ERROR: Unable to retrieve achievements. 9060:'HeXen II' / playtime = 0 m
ERROR: Unable to retrieve achievements. 9070:'DOOM 3: Resurrection of Evil' / playtime = 125 m
ERROR: Unable to retrieve achievements. 9160:'Master Levels for DOOM II' / playtime = 0 m
ERROR: Unable to retrieve achievements. 9180:'Commander Keen Complete Pack' / playtime = 2 m
ERROR: Unable to retrieve achievements. 209830:'Lone Survivor: The Director's Cut' / playtime = 45 m
ERROR: AttributeError. 212680:'FTL: Faster Than Light' / Exception = 'APIResponse' has no attribute 'achievements'
ERROR: Unable to retrieve achievements. 221260:'Little Inferno' / playtime = 13 m
ERROR: Unable to retrieve achievements. 223830:'Xenonauts' / playtime = 302 m
ERROR: Unable to retrieve achievements. 220240:'Far Cry® 3' / playtime = 71 m
ERROR: Unable to retrieve achievements. 219680:'Proteus' / playtime = 0 m
ERROR: Unable to retrieve achievements. 219890:'Antichamber' / playtime = 53 m
ERROR: Unable to retrieve achievements. 17080:'Tribes: Ascend' / playtime = 63 m
ERROR: Unable to retrieve achievements. 230980:'Starseed Pilgrim' / playtime = 26 m
ERROR: AttributeError. 227860:'Castle Story' / Exception = 'APIResponse' has no attribute 'achievements'
ERROR: Unable to retrieve achievements. 234650:'Shadowrun Returns' / playtime = 90 m
ERROR: Unable to retrieve achievements. 238210:'System Shock 2' / playtime = 38 m
ERROR: Unable to retrieve achievements. 243000:'Omikron - The Nomad Soul' / playtime = 10 m
ERROR: Unable to retrieve achievements. 255920:'The 7th Guest' / playtime = 0 m
ERROR: Unable to retrieve achievements. 255940:'The 11th Hour' / playtime = 0 m
ERROR: Unable to retrieve achievements. 259130:'Wasteland 1 - The Original Classic' / playtime = 3 m
ERROR: Unable to retrieve achievements. 246090:'Spacebase DF-9' / playtime = 39 m
ERROR: Unable to retrieve achievements. 41900:'The Bard's Tale' / playtime = 0 m
ERROR: Unable to retrieve achievements. 261510:'Tesla Effect' / playtime = 0 m
ERROR: Unable to retrieve achievements. 302330:'Tex Murphy: Mean Streets' / playtime = 0 m
ERROR: Unable to retrieve achievements. 302340:'Tex Murphy: Martian Memorandum' / playtime = 0 m
ERROR: Unable to retrieve achievements. 302350:'Tex Murphy: Under a Killing Moon' / playtime = 0 m
ERROR: Unable to retrieve achievements. 302360:'Tex Murphy: The Pandora Directive' / playtime = 0 m
ERROR: Unable to retrieve achievements. 302370:'Tex Murphy: Overseer' / playtime = 0 m
ERROR: Unable to retrieve achievements. 353540:'Stephen's Sausage Roll' / playtime = 75 m
ERROR: Unable to retrieve achievements. 47780:'Dead Space 2' / playtime = 0 m
ERROR: Unable to retrieve achievements. 346680:'Black Mesa Dedicated Server' / playtime = 0 m
ERROR: AttributeError. 391540:'Undertale' / Exception = 'APIResponse' has no attribute 'achievements'
ERROR: Unable to retrieve achievements. 404410:'Endless Sky' / playtime = 8 m

GAMES
{223830: <SteamApp "Xenonauts" (223830)>, 8930: <SteamApp "Sid Meier's Civilization V" (8930)>, 41900: <SteamApp "The Bard's Tale" (41900)>, 204300: <SteamApp "Awesomenauts" (204300)>, 219150: <SteamApp "Hotline Miami" (219150)>, 227860: <SteamApp "Castle Story" (227860)>, 214550: <SteamApp "Eets Munchies" (214550)>, 353540: <SteamApp "Stephen's Sausage Roll" (353540)>, 41500: <SteamApp "Torchlight" (41500)>, 354650: <SteamApp "MISSING: An Interactive Thriller - Episode One" (354650)>, 214560: <SteamApp "Mark of the Ninja" (214560)>, 78000: <SteamApp "Bejeweled 3" (78000)>, 203810: <SteamApp "Dear Esther" (203810)>, 249380: <SteamApp "Carmageddon: Reincarnation" (249380)>, 300550: <SteamApp "Shadowrun: Dragonfall - Director's Cut" (300550)>, 35420: <SteamApp "Killing Floor Mod: Defence Alliance 2" (35420)>, 17450: <SteamApp "Dragon Age: Origins" (17450)>, 230980: <SteamApp "Starseed Pilgrim" (230980)>, 50: <SteamApp "Half-Life: Opposing Force" (50)>, 346680: <SteamApp "Black Mesa Dedicated Server" (346680)>, 236090: <SteamApp "Dust: An Elysian Tail" (236090)>, 243000: <SteamApp "Omikron - The Nomad Soul" (243000)>, 201280: <SteamApp "Deus Ex: Human Revolution - The Missing Link" (201280)>, 18500: <SteamApp "Defense Grid: The Awakening" (18500)>, 250380: <SteamApp "Knock-knock" (250380)>, 221260: <SteamApp "Little Inferno" (221260)>, 7760: <SteamApp "X-COM: UFO Defense" (7760)>, 201810: <SteamApp "Wolfenstein: The New Order" (201810)>, 205910: <SteamApp "Tiny and Big: Grandpa's Leftovers" (205910)>, 7770: <SteamApp "X-COM: Enforcer" (7770)>, 107100: <SteamApp "Bastion" (107100)>, 238010: <SteamApp "Deus Ex: Human Revolution - Director's Cut" (238010)>, 12900: <SteamApp "Audiosurf" (12900)>, 32360: <SteamApp "The Secret of Monkey Island: Special Edition" (32360)>, 223850: <SteamApp "3DMark" (223850)>, 620: <SteamApp "Portal 2" (620)>, 240760: <SteamApp "Wasteland 2" (240760)>, 205950: <SteamApp "Jet Set Radio" (205950)>, 105600: <SteamApp "Terraria" (105600)>, 238210: <SteamApp "System Shock 2" (238210)>, 35460: <SteamApp "The Ball" (35460)>, 237990: <SteamApp "The Banner Saga" (237990)>, 405640: <SteamApp "Pony Island" (405640)>, 220780: <SteamApp "Thomas Was Alone" (220780)>, 15500: <SteamApp "The Wonderful End of the World" (15500)>, 8870: <SteamApp "BioShock Infinite" (8870)>, 107800: <SteamApp "Rochard" (107800)>, 206190: <SteamApp "Gunpoint" (206190)>, 2200: <SteamApp "Quake III Arena" (2200)>, 214770: <SteamApp "Guacamelee! Gold Edition" (214770)>, 234650: <SteamApp "Shadowrun Returns" (234650)>, 237850: <SteamApp "Dreamfall Chapters" (237850)>, 15520: <SteamApp "AaAaAA!!! - A Reckless Disregard for Gravity" (15520)>, 2210: <SteamApp "Quake 4" (2210)>, 47780: <SteamApp "Dead Space 2" (47780)>, 6310: <SteamApp "The Longest Journey" (6310)>, 8880: <SteamApp "Freedom Force" (8880)>, 15540: <SteamApp "1... 2... 3... KICK IT! (Drop That Beat Like an Ugly Baby)" (15540)>, 17080: <SteamApp "Tribes: Ascend" (17080)>, 107200: <SteamApp "Space Pirates and Zombies" (107200)>, 219680: <SteamApp "Proteus" (219680)>, 200390: <SteamApp "Oil Rush" (200390)>, 212680: <SteamApp "FTL: Faster Than Light" (212680)>, 24780: <SteamApp "SimCity 4 Deluxe" (24780)>, 32460: <SteamApp "Monkey Island 2: Special Edition" (32460)>, 233250: <SteamApp "Planetary Annihilation" (233250)>, 207570: <SteamApp "English Country Tune" (207570)>, 63700: <SteamApp "BIT.TRIP BEAT" (63700)>, 220: <SteamApp "Half-Life 2" (220)>, 2270: <SteamApp "Wolfenstein 3D" (2270)>, 1250: <SteamApp "Killing Floor" (1250)>, 2280: <SteamApp "The Ultimate DOOM" (2280)>, 113020: <SteamApp "Monaco" (113020)>, 302370: <SteamApp "Tex Murphy: Overseer" (302370)>, 240: <SteamApp "Counter-Strike: Source" (240)>, 2290: <SteamApp "Final DOOM" (2290)>, 3830: <SteamApp "Psychonauts" (3830)>, 231160: <SteamApp "The Swapper" (231160)>, 108500: <SteamApp "Vessel" (108500)>, 404730: <SteamApp "Wasteland 2: Director's Cut" (404730)>, 2300: <SteamApp "DOOM II: Hell on Earth" (2300)>, 231040: <SteamApp "Beatbuddy: Tale of the Guardians" (231040)>, 302340: <SteamApp "Tex Murphy: Martian Memorandum" (302340)>, 2310: <SteamApp "Quake" (2310)>, 302350: <SteamApp "Tex Murphy: Under a Killing Moon" (302350)>, 2320: <SteamApp "Quake II" (2320)>, 65300: <SteamApp "Dustforce" (65300)>, 280: <SteamApp "Half-Life: Source" (280)>, 2330: <SteamApp "Quake II: The Reckoning" (2330)>, 204060: <SteamApp "Superbrothers: Sword & Sworcery EP" (204060)>, 207650: <SteamApp "A Virus Named TOM" (207650)>, 2340: <SteamApp "Quake II: Ground Zero" (2340)>, 9000: <SteamApp "Wolfenstein 3D: Spear of Destiny" (9000)>, 211420: <SteamApp "Dark Souls: Prepare to Die Edition" (211420)>, 38700: <SteamApp "Toki Tori" (38700)>, 7730: <SteamApp "X-COM: Interceptor" (7730)>, 2350: <SteamApp "Quake III: Team Arena" (2350)>, 404410: <SteamApp "Endless Sky" (404410)>, 250760: <SteamApp "Shovel Knight" (250760)>, 9010: <SteamApp "Return to Castle Wolfenstein" (9010)>, 255710: <SteamApp "Cities: Skylines" (255710)>, 253750: <SteamApp "Ikaruga" (253750)>, 2360: <SteamApp "HeXen: Beyond Heretic" (2360)>, 200510: <SteamApp "XCOM: Enemy Unknown" (200510)>, 38720: <SteamApp "RUSH" (38720)>, 2370: <SteamApp "HeXen: Deathkings of the Dark Citadel" (2370)>, 303430: <SteamApp "Roundabout" (303430)>, 9030: <SteamApp "Quake Mission Pack 2: Dissolution of Eternity" (9030)>, 379720: <SteamApp "DOOM" (379720)>, 246090: <SteamApp "Spacebase DF-9" (246090)>, 7650: <SteamApp "X-COM: Terror from the Deep" (7650)>, 9040: <SteamApp "Quake Mission Pack 1: Scourge of Armagon" (9040)>, 225080: <SteamApp "Brothers - A Tale of Two Sons" (225080)>, 340: <SteamApp "Half-Life 2: Lost Coast" (340)>, 2390: <SteamApp "Heretic: Shadow of the Serpent Riders" (2390)>, 12120: <SteamApp "Grand Theft Auto: San Andreas" (12120)>, 368370: <SteamApp "Her Story" (368370)>, 9050: <SteamApp "DOOM 3" (9050)>, 291650: <SteamApp "Pillars of Eternity" (291650)>, 259130: <SteamApp "Wasteland 1 - The Original Classic" (259130)>, 246110: <SteamApp "MASSIVE CHALICE" (246110)>, 40800: <SteamApp "Super Meat Boy" (40800)>, 9060: <SteamApp "HeXen II" (9060)>, 360: <SteamApp "Half-Life Deathmatch: Source" (360)>, 237930: <SteamApp "Transistor" (237930)>, 9070: <SteamApp "DOOM 3: Resurrection of Evil" (9070)>, 391540: <SteamApp "Undertale" (391540)>, 232790: <SteamApp "Broken Age" (232790)>, 380: <SteamApp "Half-Life 2: Episode One" (380)>, 48000: <SteamApp "LIMBO" (48000)>, 320: <SteamApp "Half-Life 2: Deathmatch" (320)>, 26500: <SteamApp "Cogs" (26500)>, 261510: <SteamApp "Tesla Effect" (261510)>, 35720: <SteamApp "Trine 2" (35720)>, 225260: <SteamApp "Brtal Legend" (225260)>, 362890: <SteamApp "Black Mesa" (362890)>, 207170: <SteamApp "Legend of Grimrock" (207170)>, 400: <SteamApp "Portal" (400)>, 28050: <SteamApp "Deus Ex: Human Revolution" (28050)>, 24980: <SteamApp "Mass Effect 2" (24980)>, 95300: <SteamApp "Capsized" (95300)>, 420: <SteamApp "Half-Life 2: Episode Two" (420)>, 257350: <SteamApp "Baldur's Gate II: Enhanced Edition" (257350)>, 209830: <SteamApp "Lone Survivor: The Director's Cut" (209830)>, 262060: <SteamApp "Darkest Dungeon" (262060)>, 219890: <SteamApp "Antichamber" (219890)>, 205230: <SteamApp "Hell Yeah!" (205230)>, 255920: <SteamApp "The 7th Guest" (255920)>, 239030: <SteamApp "Papers, Please" (239030)>, 214970: <SteamApp "Intrusion 2" (214970)>, 302360: <SteamApp "Tex Murphy: The Pandora Directive" (302360)>, 255940: <SteamApp "The 11th Hour" (255940)>, 239350: <SteamApp "Spelunky" (239350)>, 9160: <SteamApp "Master Levels for DOOM II" (9160)>, 57300: <SteamApp "Amnesia: The Dark Descent" (57300)>, 215510: <SteamApp "Rocketbirds: Hardboiled Chicken" (215510)>, 12250: <SteamApp "Grand Theft Auto: San Andreas" (12250)>, 9180: <SteamApp "Commander Keen Complete Pack" (9180)>, 302330: <SteamApp "Tex Murphy: Mean Streets" (302330)>, 34270: <SteamApp "SEGA Mega Drive & Genesis Classics" (34270)>, 220240: <SteamApp "Far Cry 3" (220240)>, 40930: <SteamApp "The Misadventures of P.B. Winterbottom" (40930)>, 115110: <SteamApp "Stacking" (115110)>, 231910: <SteamApp "Leisure Suit Larry in the Land of the Lounge Lizards: Reloaded" (231910)>, 26800: <SteamApp "Braid" (26800)>, 7660: <SteamApp "X-COM: Apocalypse" (7660)>, 9200: <SteamApp "RAGE" (9200)>, 223220: <SteamApp "Giana Sisters: Twisted Dreams" (223220)>, 248310: <SteamApp "Freedom Planet" (248310)>, 224760: <SteamApp "FEZ" (224760)>, 20820: <SteamApp "Shatter" (20820)>, 287700: <SteamApp "METAL GEAR SOLID V: THE PHANTOM PAIN" (287700)>}
172


ACHIEVEMENTS
'204060', 'Cheating Cheater', '2.840332', '300'
'204060', '#moar', '3.211711', '300'
'220', 'Flushed', '4.109075', '930'
'38700', 'True Champion', '4.368497', '560'
'38700', 'Master Chef', '4.458410', '560'
'38700', 'Bubble Barrage', '4.475654', '560'
'48000', 'Going Up', '5.223241', '240'
'420', 'Hot Potat0wned', '5.717739', '639'
'220', 'Counter-Sniper', '6.075894', '930'
'291650', 'Chef', '6.474030', '8985'
'201810', 'Marksman magazine +', '6.661873', '1764'
'38700', 'Slimy Sewer', '7.161971', '560'
'291650', 'Bounty Hunter', '7.182051', '8985'
'204060', '#honest', '7.383432', '300'
'201810', 'AR magazine +', '7.668539', '1764'
'40930', 'Stuffed Bottom', '7.901505', '287'
'28050', 'Legend', '7.999309', '4012'
'291650', 'Scribe', '8.161422', '8985'
'204060', 'Now We Are Cosmic Friends Forever', '8.175016', '300'
'620', 'Pit Boss', '8.215217', '1025'
'223850', 'Brains', '8.351181', '357'
'291650', 'Kickstarter Backer', '8.522697', '8985'
'3830', 'Maybe It's the Hair', '8.655699', '753'
'204060', 'Assemble the Trigon Trifecta', '8.988794', '300'
'291650', 'Won the Game!!!', '9.370778', '8985'
'204060', 'The Moon Grotto', '9.651160', '300'
'204060', 'The Bright Moon Trigon', '9.731552', '300'
'255710', 'Does My Bum Look Big In This?', '9.899256', '635'
'204060', 'The Dark Moon Trigon', '9.916255', '300'
'204060', 'The Grizzled Boor', '10.332761', '300'
'40930', 'Soggy Bottom', '10.349510', '287'
'3830', 'Mmm… Bacon!', '10.593945', '753'
'28050', 'Gun Nut', '11.135508', '4012'
'38700', 'Eggdurance', '11.259803', '560'
'224760', 'Kill screen', '11.492725', '584'
'291650', 'Alchemist', '11.531101', '8985'
'250760', 'Reflect Lord', '11.643901', '797'
'239350', 'Eternal Life', '11.670303', '2595'
'291650', 'Completed Act III', '11.740929', '8985'
'291650', 'Last 5 Levels of Od Nua', '12.718336', '8985'
'404730', 'Pop Idol', '12.718471', '571'
'201280', 'Never Forget', '13.086689', '719'
'35720', 'Secrets of Petrified Tree', '13.645000', '441'
'620', 'Portrait of a Lady', '13.715940', '1025'
'291650', 'Trappy', '13.736584', '8985'
'48000', 'Urban Exploration', '13.791675', '240'
'291650', 'All Upgrades in Stronghold', '14.470914', '8985'
'201810', 'Gun magazine +', '14.993737', '1764'
'220', 'OSHA Violation', '15.210602', '930'
'250760', 'Boom!', '15.498521', '797'
'38700', 'Creepy Castle', '15.935299', '560'
'28050', 'Talion A.D.', '15.991269', '4012'
'291650', 'Disposition', '16.108959', '8985'
'420', 'Bone Breaker', '16.220417', '639'
'239350', 'Ice Creamed', '16.278587', '2595'
'404730', 'Better Left Buried', '16.333549', '571'
'250760', 'Knuckle Down', '16.410042', '797'
'201810', 'Hardened', '16.603828', '1764'
'224760', 'Achievement unlocked', '16.632616', '584'
'291650', 'Super Murderer', '16.670506', '8985'
'291650', 'Middle 5 Levels of Od Nua', '17.035185', '8985'
'220', 'One Man Army', '17.409161', '930'
'206190', 'Sorry, Were You Using That?', '17.549402', '341'
'214550', 'Fast Eater', '17.721207', '38'
'107100', 'The Beginning', '18.114460', '948'
'201810', 'All that glitters', '18.180510', '1764'
'220', 'Plaza Defender', '18.350504', '930'
'224760', 'Cryptographer', '18.587107', '584'
'220', 'Radiation Levels Detected', '18.695156', '930'
'220', 'Blast from the Past', '19.179350', '930'
'35720', 'The Story Begins Collector', '19.317560', '441'
'220', 'Defiant', '19.356049', '930'
'206190', 'Acknowledged Ludonarrative Dissonance', '19.510710', '341'
'214550', 'Prix Fixe Menu', '19.521164', '38'
'3830', 'Regular PSI Cadet', '19.702997', '753'
'38700', 'Close Encounter', '19.994026', '560'
'220', 'Bug Hunt', '20.148043', '930'
'28050', 'Ladies Man', '20.194307', '4012'
'405640', 'For The Crusade', '20.228407', '178'
'40930', 'Burnt Bottom', '20.270918', '287'
'204060', 'The Gold Trigon', '20.429773', '300'
'38700', 'Apprentice', '20.730268', '560'
'35720', 'Sharp-Eyed', '20.943945', '441'
'1250', 'Merry Friggin Christmas', '21.607550', '26'
'224760', 'Mightier than the sword', '21.663502', '584'
'291650', 'Completed Act II', '21.776924', '8985'
'3830', 'For Insurance Reasons', '22.026497', '753'
'239350', 'Seen a Lot', '22.049068', '2595'
'255710', 'Well Informed', '22.286091', '635'
'239350', 'Jungle Jammed', '22.572088', '2595'
'26800', 'Closure', '22.669418', '825'
'107100', 'Vigilante', '22.838024', '948'
'26800', 'Solved World 6', '23.292812', '825'
'248310', 'Dragon Boost Finish', '23.378143', '206'
'1250', 'Ringmaster', '23.525330', '26'
'26500', 'Tinkerer', '23.609369', '107'
'1250', 'A Bloody Christmas Carol', '23.628748', '26'
'220', 'Where Cubbage Fears to Tread', '23.708075', '930'
'105600', 'Pretty in Pink', '24.422201', '543'
'291650', 'Enchanter', '24.465809', '8985'
'220', 'Hallowed Ground', '24.610727', '930'
'237930', 'Bye()', '25.208733', '784'
'237930', 'Bracket()', '25.343094', '784'
'26800', 'Solved World 5', '25.414881', '825'
'249380', '50 Shades of Red', '25.552559', '151'
'28050', 'Guardian Angel', '25.654352', '4012'
'40930', 'Ticking Bottom', '25.845819', '287'
'204060', 'The Mushroom Kingdom', '26.174307', '300'
'620', 'Preservation of Mass', '26.222166', '1025'
'214550', 'Treasure', '26.313322', '38'
'1250', 'Trick, not Treat', '26.375425', '26'
'3830', 'Rolling Rock Star', '26.522783', '753'
'201280', 'The Learn'd Scholar', '26.561789', '719'
'420', 'Pedal to the Metal', '27.150488', '639'
'219150', 'That's It?', '27.325710', '446'
'107100', 'Pet Sitter', '27.469799', '948'
'28050', 'Consciousness is Over-rated', '27.506859', '4012'
'220', 'Zero-Point Energy', '27.879133', '930'
'420', 'Hit and Run', '28.031403', '639'
'8870', 'Master of Pyrotechnics', '28.106218', '951'
'214550', 'Can't get enough', '28.145853', '38'
'220', 'Revenge!', '28.337971', '930'
'3830', 'Junior PSI Cadet', '28.682625', '753'
'248310', 'Rolling Stones', '28.857344', '206'
'26800', 'Solved World 4', '29.028473', '825'
'95300', 'Rookie', '29.052662', '47'
'26800', 'Traversed World 6', '29.157373', '825'
'620', 'Drop Box', '29.161596', '1025'
'105600', 'Heavy Metal', '29.286516', '543'
'250760', 'Victory!', '29.420439', '797'
'107100', 'The Ura', '29.432858', '948'
'223850', 'Free PC Upgrade', '29.467756', '357'
'204060', 'The Ballad of the Space Babies', '29.487368', '300'
'237930', 'Kendrell()', '29.490971', '784'
'105600', 'Heart Breaker', '29.572361', '543'
'220', 'Heavy Weapons', '29.792606', '930'
'8870', 'Well Rounded', '29.866150', '951'
'207170', 'I Use Gravity As a Weapon', '29.970592', '391'
'620', 'Good Listener', '30.624577', '1025'
'28050', 'Cloak & Daggers', '30.700176', '4012'
'219150', 'The End?', '30.876434', '446'
'48000', 'Where Credit is Due', '31.025827', '240'
'108500', 'Water Recycling', '31.309628', '79'
'3830', 'A Victory for Good Taste', '31.598219', '753'
'620', 'No Hard Feelings', '31.800831', '1025'
'249380', 'Batwick Will Be... Disappointed', '32.009071', '151'
'26800', 'Traversed World 5', '32.012524', '825'
'28050', 'Opportunist', '32.118885', '4012'
'206190', 'Payback', '32.198959', '341'
'35720', 'Secrets of Forlorn Wilderness', '32.587353', '441'
'206190', 'Clean Record', '33.178131', '341'
'236090', 'Cutting It Close', '33.216171', '170'
'220', 'Anchor's Aweigh!', '33.726974', '930'
'237930', 'Align()', '33.783131', '784'
'28050', 'The Final Countdown', '33.823006', '4012'
'379720', 'Argent Overload', '33.858643', '875'
'250760', 'Hall Champion', '34.138397', '797'
'250380', 'Through the looking glass', '34.296585', '25'
'201810', 'Quick reload', '34.512253', '1764'
'237930', 'Spine()', '34.659618', '784'
'224760', 'Equal and opposite', '34.685905', '584'
'207170', 'Secret Spotter', '34.934486', '391'
'379720', 'Specialist', '34.983223', '875'
'105600', 'Stop! Hammer Time!', '35.016563', '543'
'379720', 'Thorough Shopper', '35.110970', '875'
'28050', 'Corporate Warfare', '35.227062', '4012'
'219150', 'Aced It', '35.589272', '446'
'48000', 'Wrong Way', '35.780056', '240'
'250760', 'Master Angler', '35.839275', '797'
'105600', 'No Hobo', '35.842598', '543'
'420', 'Cache Checker', '35.944878', '639'
'250760', 'Master Shoveler', '36.055176', '797'
'291650', 'First 5 Levels of Od Nua', '36.263023', '8985'
'231910', 'Swirlie Swan Song', '36.269085', '69'
'201810', 'Grenade pouch +', '36.294842', '1764'
'201810', 'Assassin', '36.295765', '1764'
'105600', 'Matching Attire', '36.421066', '543'
'28050', 'Trooper', '36.740334', '4012'
'28050', 'The End', '36.872829', '4012'
'206190', 'Perfect Gentleman', '36.979721', '341'
'38700', 'Forest Falls', '37.302662', '560'
'250380', 'Open your mind', '37.570625', '25'
'620', 'Scanned Alone', '37.594147', '1025'
'28050', 'Bar Tab', '37.718575', '4012'
'620', 'Team Building', '38.054596', '1025'
'28050', 'The Snake', '38.062450', '4012'
'620', 'Lunacy', '38.342503', '1025'
'26800', 'Solved World 3', '38.379284', '825'
'26500', 'Apprentice', '38.596394', '107'
'620', 'The Part Where He Kills You', '38.691051', '1025'
'35720', 'March Through the Marsh', '38.796711', '441'
'38700', 'Short-order Cook', '39.026409', '560'
'237930', 'News()', '39.195263', '784'
'206190', 'Case Filed', '39.203827', '341'
'250760', 'Well Met', '39.312645', '797'
'26800', 'Traversed World 4', '39.333420', '825'
'206190', 'Might As Well Have An Achievement For That Too', '39.393559', '341'
'620', 'Tunnel of Funnel', '39.476902', '1025'
'105600', 'You Can Do It!', '39.554863', '543'
'291650', '5 Upgrades in Stronghold', '39.602337', '8985'
'105600', 'Ooo! Shiny!', '39.669250', '543'
'379720', 'Tinkering', '39.866455', '875'
'28050', 'Smash the State', '40.053867', '4012'
'248310', 'Dragon Cyclone Finish', '40.082432', '206'
'8870', 'Grand Largesse', '40.185295', '951'
'200390', 'Executioner', '40.218128', '10'
'237930', 'Bet()', '40.473331', '784'
'8870', 'On a Clear Day...', '40.510956', '951'
'239350', 'Mines Shafted', '40.564148', '2595'
'405640', 'Ticket Hunter', '40.671677', '178'
'28050', 'Super Sleuth', '40.971241', '4012'
'28050', 'Shanghai Justice', '41.028019', '4012'
'223850', 'Red Hot', '41.455685', '357'
'620', 'Dual Pit Experiment', '41.475327', '1025'
'206190', 'On The QT', '41.515125', '341'
'28050', 'Rotten Business', '41.700474', '4012'
'8870', 'Kitted Out', '41.806229', '951'
'231910', 'That’ll Do, Pig', '41.913906', '69'
'300550', 'Wait For It...', '42.089989', '113'
'220780', 'Derezzed', '42.237247', '12'
'28050', 'Darker Shades', '42.357143', '4012'
'250760', 'Nice Hat...', '42.389759', '797'
'35720', 'Mudproof Hero', '42.669403', '441'
'620', 'White Out', '42.829311', '1025'
'220', 'Trusty Hardware', '42.999142', '930'
'107100', 'The Singer', '43.001202', '948'
'379720', 'Momentum Shift', '43.284252', '875'
'40930', 'Evil Bottom', '43.462669', '287'
'205910', 'Mr Burst', '43.817928', '29'
'28050', 'The Mantis', '43.837364', '4012'
'201810', 'Knife sheath +', '43.855858', '1764'
'620', 'Stranger Than Friction', '43.989449', '1025'
'95300', 'First Impressions', '44.047932', '47'
'206190', 'Case Closed', '44.317142', '341'
'105600', 'Timber!!', '44.403343', '543'
'26500', 'Aptitude', '44.443573', '107'
'291650', 'Completed Act I', '44.501545', '8985'
'400', 'Friendly Fire', '44.610035', '240'
'220', 'Malcontent', '44.693459', '930'
'206190', 'Low Flying Doors', '44.843613', '341'
'248310', 'Milla Unlocked!', '44.957195', '206'
'206190', 'Cover Up', '45.096992', '341'
'405640', 'A Glimpse', '45.248917', '178'
'35720', 'I Didn't Do It', '45.297707', '441'
'620', 'Tater Tote', '45.417118', '1025'
'206190', 'Breaking And Entering', '45.526852', '341'
'368370', 'Romantic', '45.539520', '174'
'28050', 'Hax0r1!', '45.583611', '4012'
'620', 'High Five', '45.753368', '1025'
'211420', 'Reach Lordran', '45.831432', '315'
'28050', 'Yes Boss', '46.094563', '4012'
'1250', 'Experimenticenticide', '46.214058', '26'
'368370', 'Detective Sergeant', '46.363510', '174'
'201280', 'Never Stop Looking', '46.772060', '719'
'420', 'Gordon Propelled Rocket', '47.059769', '639'
'287700', 'Reinforcement', '47.237389', '4261'
'620', 'Vertically Unchallenged', '47.277885', '1025'
'3830', 'Your Last Chance to Chicken Out', '47.340660', '753'
'420', 'Defense of the Armament', '47.985016', '639'
'26800', 'Solved World 2', '48.007893', '825'
'206190', 'Rooke Sympathiser', '48.080547', '341'
'250760', 'Halfway', '48.269371', '797'
'201810', 'Autopanzer', '48.400661', '1764'
'35720', 'Wild in Wilderness', '48.880302', '441'
'238010', 'Unforeseen Consequence', '49.160313', '460'
'107100', 'Ride the Wind', '49.246170', '948'
'35460', 'Beginners Luck', '49.255173', '43'
'379720', 'Into the Unknown', '49.385307', '875'
'211420', 'Estus Flask', '49.528423', '315'
'368370', 'The Reflection', '49.532261', '174'
'400', 'Partygoer', '49.617016', '240'
'620', 'Stalemate Associate', '49.703373', '1025'
'201810', 'Silent shot', '49.776043', '1764'
'249380', 'Ooh, You Mean There's More..?', '49.818489', '151'
'214560', 'Trickster', '49.834949', '266'
'8870', 'The Roguish Type', '49.872696', '951'
'250760', 'Hey Big Spender', '49.930225', '797'
'287700', 'Prosperity', '50.186539', '4261'
'620', 'SaBOTour', '50.459553', '1025'
'206190', 'I'll Aim When I'm Dead', '50.781940', '341'
'206190', 'I May Be Some Time', '50.813156', '341'
'32460', 'Keeping it Old School', '50.833996', '1'
'20820', 'Aurora', '51.309811', '41'
'201810', 'Deliverance', '51.389549', '1764'
'368370', 'Expressing My Individuality', '51.399635', '174'
'28050', 'The Desk Job', '52.131958', '4012'
'238010', 'Ghost', '52.141201', '460'
'206190', 'Gentleman', '52.571655', '341'
'220780', 'Part of the Problem', '52.837269', '12'
'28050', 'Motherly Ties', '53.040058', '4012'
'219150', 'Domino Effect', '53.386543', '446'
'211420', 'Enkindle', '53.410625', '315'
'107100', 'The Survivor', '53.541130', '948'
'115110', 'Strike Breaker', '53.739483', '102'
'204060', 'We Got the Megatome', '53.815632', '300'
'405640', 'Escape', '53.835636', '178'
'201810', 'London uprising', '53.864079', '1764'
'405640', 'Victory?', '54.021854', '178'
'420', 'Deadly Harvest', '54.040409', '639'
'219150', 'Nigel Lowrie', '54.300682', '446'
'287700', 'Speechless', '54.350872', '4261'
'250760', 'Troupple Acolyte', '54.487579', '797'
'250380', 'My name is Nobody', '54.597164', '25'
'220780', 'I'm Rubber, You're Glue', '54.659359', '12'
'26800', 'Traversed World 3', '54.661053', '825'
'8870', 'Vigorous Opposition', '54.847527', '951'
'214970', 'Plumbing', '55.128056', '20'
'28050', 'The Bull', '55.174923', '4012'
'214560', 'Stealth Assassin', '55.194092', '266'
'223220', 'Ruby-Red Pirouette', '55.451328', '31'
'219150', 'Combo Intermediate', '55.501278', '446'
'300550', 'Shoot Straight', '55.579239', '113'
'206190', 'Open Door Policy', '55.597580', '341'
'200510', '...and Practice.', '55.645489', '943'
'28050', 'Transhumanist', '55.773186', '4012'
'28050', 'Lesser Evil', '55.815907', '4012'
'8870', 'Tear 'em a New One', '56.068794', '951'
'420', 'Secondary Silo Secured', '56.073593', '639'
'620', 'Bridge Over Troubling Water', '56.233215', '1025'
'405640', 'You Killed Louey', '56.273357', '178'
'400', 'Fratricide', '56.626614', '240'
'246110', 'BABIES!', '56.627911', '30'
'8870', 'Working Class Hero', '56.681179', '951'
'420', 'Quiet Mountain Getaway', '57.080173', '639'
'201810', 'Quick regeneration', '57.124226', '1764'
'8870', 'Coins in the Cushion', '57.487328', '951'
'420', 'Gunishment!', '57.876175', '639'
'255710', 'Power at Your Fingertips', '57.947701', '635'
'8870', 'Armed Revolt', '57.956547', '951'
'379720', 'A Gift from Beyond', '58.145378', '875'
'287700', 'Cry Havoc', '58.200638', '4261'
'207170', 'Apprentice Wizard', '58.319492', '391'
'8870', 'David & Goliath', '58.595406', '951'
'95300', 'Hidey-Hole', '58.605522', '47'
'287700', 'Gears Turn', '58.727711', '4261'
'95300', 'DieHard', '58.979385', '47'
'220780', 'On the Hop', '58.996738', '12'
'287700', 'Battalion', '59.030014', '4261'
'207650', 'The Dog Days Are Over (SP)', '59.092880', '8'
'201810', 'Hidden in the deep', '59.131096', '1764'
'201810', 'Fergus saved', '59.184902', '1764'
'420', 'Meet the Hunters', '59.277939', '639'
'237930', 'Reisz()', '59.659779', '784'
'379720', 'Butcher', '59.843548', '875'
'107800', 'Bowling', '59.882809', '20'
'246110', 'Matchmaker Matchmaker', '59.965073', '30'
'201810', 'Quick draw', '60.063465', '1764'
'78000', 'Bejeweler: Bronze', '60.170673', '107'
'206190', 'So This Is Why People Don't Like Me', '60.673229', '341'
'40930', 'Hungry Bottom', '60.815151', '287'
'28050', 'Unforeseen Consequence', '60.880917', '4012'
'420', 'Twofer', '61.074211', '639'
'206190', 'Cat Burglar', '61.512722', '341'
'287700', 'To The Rescue', '61.727161', '4261'
'200510', 'Prisoner of War', '61.869194', '943'
'28050', 'Up the Ante!', '61.959694', '4012'
'8870', 'Dress for Success', '61.972244', '951'
'405640', 'Security Breach', '61.984818', '178'
'246110', 'Keep Defending', '62.117661', '30'
'78000', 'Blaster: Silver', '62.358196', '107'
'368370', 'Have you ever eaten fennel?', '62.600319', '174'
'201280', 'Out of the Frying Pan', '62.751949', '719'
'200510', 'Happy to Oblige', '62.768013', '943'
'620', 'Undiscouraged', '63.215591', '1025'
'206190', 'Short Circuit', '63.217682', '341'
'35720', 'Into the Story', '63.265274', '441'
'28050', 'Ghost', '63.347523', '4012'
'200390', 'Fresh meat', '63.434814', '10'
'219150', 'Playing Pool', '63.628078', '446'
'205910', 'Stone Collector', '63.949593', '29'
'8870', 'First Class Ticket', '63.989758', '951'
'287700', 'Enhancement', '64.419769', '4261'
'249380', 'Metal Mangling Muthafecka', '64.463890', '151'
'620', 'You Monster', '64.508415', '1025'
'201280', 'Good Samaritan', '64.623421', '719'
'201810', 'Scout II', '64.696411', '1764'
'220780', 'The Hero Thomas Needs', '64.752602', '12'
'78000', 'Inferno: Bronze', '65.403923', '107'
'231910', 'Mugger Mayhem', '65.544365', '69'
'368370', 'A Traditional Ballad', '65.652580', '174'
'253750', 'Eboshidori', '65.884422', '92'
'38700', 'So Sad', '66.251999', '560'
'303430', 'Star Power', '66.287041', '6'
'8870', 'Shock Tactics', '66.495430', '951'
'238010', 'First Hack', '66.730354', '460'
'20820', 'Storm Warning', '66.860909', '41'
'368370', 'It's a happy ending.', '66.899643', '174'
'201810', 'Deadeye', '66.901711', '1764'
'420', 'Into the Breach', '67.224411', '639'
'201810', 'Power to the laser', '67.528763', '1764'
'18500', 'Boot Camp', '68.200661', '69'
'215510', 'For What Reason?', '68.283455', '43'
'63700', 'OLD.SCHOOL.SKILLS', '68.903229', '9'
'18500', 'Flawless Victory', '69.186539', '69'
'205910', 'Oldschooler', '69.211632', '29'
'200510', 'Up and Running', '69.255966', '943'
'287700', 'Beekeeper', '69.443115', '4261'
'238010', 'First Takedown', '69.766861', '460'
'620', 'Wake Up Call', '69.901649', '1025'
'219150', 'Combo Beginner', '70.059601', '446'
'201810', 'Throwback', '70.353462', '1764'
'250760', 'Only You', '70.554550', '797'
'20820', 'Kinetic Harvest', '70.747963', '41'
'400', 'Lab Rat', '70.814339', '240'
'225260', 'Got a Car and a Date', '70.829842', '40'
'78000', 'Blaster: Bronze', '70.967514', '107'
'206190', 'Ding', '71.013908', '341'
'8930', 'Second City', '71.068459', '121'
'200510', 'Tables Turned', '71.278381', '943'
'8870', 'A Real Pistol', '71.480103', '951'
'224760', 'Get a cube', '71.484390', '584'
'206190', 'Ghost', '71.503410', '341'
'287700', 'Interrogation', '71.601311', '4261'
'200510', 'Eye in the Sky', '71.635353', '943'
'405640', 'Enjoy The Wings', '71.950569', '178'
'12900', 'Royal Ride', '72.016769', '21'
'201810', 'Vive la resistance!', '72.116020', '1764'
'214560', 'Awakened', '72.621292', '266'
'214770', 'A Hero is Born', '72.838989', '21'
'200510', 'And So It Begins…', '72.844757', '943'
'38720', 'In the Right Direction', '72.923279', '14'
'405640', 'Behold...', '72.997543', '178'
'8870', 'Welcome to Monument Island', '73.760620', '951'
'287700', 'Platoon', '73.845833', '4261'
'420', 'Acid Reflex', '73.853432', '639'
'249380', 'Wrecked'm!', '73.901451', '151'
'239350', 'So It Begins', '74.409409', '2595'
'18500', 'What IS that?', '74.555862', '69'
'18500', 'Close Call', '74.829979', '69'
'236090', 'Distant Thunder', '75.018066', '170'
'200510', 'Combat Ready', '75.371796', '943'
'200510', 'What Wonders Await', '75.372139', '943'
'18500', 'I Spy', '75.394150', '69'
'237990', 'Warden', '75.626709', '26'
'223220', 'Dream Twist', '75.628403', '31'
'287700', 'Undertaken', '75.630768', '4261'
'214770', 'Viva La Resurrección', '75.654503', '21'
'107100', 'The Stranger', '75.801765', '948'
'255710', 'Pioneer', '75.873291', '635'
'200510', 'We Happy Few ', '75.904892', '943'
'18500', 'Pew Pew', '76.042175', '69'
'236090', 'With Great Power...', '76.112579', '170'
'236090', 'Push and Turn', '76.231110', '170'
'8930', 'Treasure Hunter', '76.329842', '121'
'214770', 'Why all the long faces?', '76.343597', '21'
'237930', 'Drive()', '76.454208', '784'
'220780', 'Achievement for One', '76.864037', '12'
'201810', 'Double reload', '77.053635', '1764'
'201810', 'Knife throwing', '77.054100', '1764'
'405640', 'Meltdown', '77.457581', '178'
'18500', 'Penny Pincher', '77.780983', '69'
'250760', 'First Purchase', '78.544983', '797'
'26800', 'Traversed World 2', '78.553467', '825'
'28050', 'First Hack', '78.581291', '4012'
'18500', 'Salvage Rights', '79.230873', '69'
'18500', 'Burn Baby Burn', '79.261223', '69'
'287700', 'Extraction', '79.516548', '4261'
'236090', 'Well on your Way', '79.674850', '170'
'18500', 'Yellow Beats Green', '79.890083', '69'
'28050', 'First Takedown', '79.992599', '4012'
'405640', 'Ticked Off', '80.379723', '178'
'20820', 'Shardenfreude', '81.083969', '41'
'18500', 'Surplus', '82.546669', '69'
'287700', 'Phantom Limb', '82.879898', '4261'
'18500', 'Eradicator', '83.210632', '69'
'405640', 'There Are Better Options Than These', '83.330513', '178'
'40930', 'Hot Pie Bottom', '83.358360', '287'
'201810', 'Scout I', '83.414078', '1764'
'18500', 'Leadhead', '83.612610', '69'
'379720', 'E1M1', '84.126251', '875'
'214560', 'Hisomu's Heir', '84.249619', '266'
'18500', 'Field Promotion', '84.533043', '69'
'18500', 'Happy Returns', '85.753395', '69'
'18500', 'Hey! That's mine!', '85.831924', '69'
'18500', 'First Blood', '86.457375', '69'
'287700', 'Captured', '86.894485', '4261'
'8870', 'Written in the Clouds', '87.058990', '951'
'220780', 'Be There or Be...', '87.342636', '12'
'405640', 'No Surrender', '88.116104', '178'
'405640', 'That's The Ticket!', '88.607040', '178'
'237990', 'Warhawk', '89.205582', '26'
'201810', 'Gunner', '89.829979', '1764'
'287700', 'Awakening', '89.929367', '4261'
